TN:
SF:./app/js/config.js
FNF:0
FNH:0
DA:1,1
LF:1
LH:1
BRF:0
BRH:0
end_of_record
TN:
SF:./app/js/routes.js
FN:7,(anonymous_1)
FNF:1
FNH:1
FNDA:5,(anonymous_1)
DA:1,1
DA:5,1
DA:7,1
DA:9,5
DA:15,5
DA:21,5
LF:6
LH:6
BRF:0
BRH:0
end_of_record
TN:
SF:./app/js/controllers.js
FN:13,(anonymous_1)
FN:43,(anonymous_2)
FN:47,(anonymous_3)
FN:49,(anonymous_4)
FN:56,(anonymous_5)
FN:64,(anonymous_6)
FN:69,(anonymous_7)
FN:71,(anonymous_8)
FN:77,(anonymous_9)
FN:86,(anonymous_10)
FN:91,(anonymous_11)
FN:99,(anonymous_12)
FN:104,(anonymous_13)
FN:108,(anonymous_14)
FN:115,(anonymous_15)
FN:119,(anonymous_16)
FN:128,(anonymous_17)
FN:129,(anonymous_18)
FN:131,(anonymous_19)
FN:135,(anonymous_20)
FN:145,(anonymous_21)
FN:148,(anonymous_22)
FN:156,(anonymous_23)
FN:165,(anonymous_24)
FN:167,(anonymous_25)
FN:171,(anonymous_26)
FN:174,(anonymous_27)
FN:180,(anonymous_28)
FN:190,(anonymous_29)
FN:206,(anonymous_30)
FN:217,(anonymous_31)
FN:219,(anonymous_32)
FN:222,(anonymous_33)
FN:226,(anonymous_34)
FN:236,(anonymous_35)
FN:241,(anonymous_36)
FN:243,(anonymous_37)
FN:250,(anonymous_38)
FN:255,(anonymous_39)
FN:262,(anonymous_40)
FN:268,(anonymous_41)
FN:271,(anonymous_42)
FN:274,(anonymous_43)
FN:278,(anonymous_44)
FN:282,(anonymous_45)
FN:286,(anonymous_46)
FN:292,(anonymous_47)
FN:313,(anonymous_48)
FN:317,(anonymous_49)
FN:326,(anonymous_50)
FN:331,(anonymous_51)
FN:336,(anonymous_52)
FN:360,(anonymous_53)
FN:371,(anonymous_54)
FN:372,(anonymous_55)
FN:376,(anonymous_56)
FN:380,(anonymous_57)
FN:392,(anonymous_58)
FN:400,(anonymous_59)
FN:410,(anonymous_60)
FN:421,(anonymous_61)
FN:425,(anonymous_62)
FN:429,(anonymous_63)
FN:433,(anonymous_64)
FN:437,(anonymous_65)
FN:441,(anonymous_66)
FN:445,(anonymous_67)
FN:449,(anonymous_68)
FN:463,(anonymous_69)
FN:467,(anonymous_70)
FN:491,(anonymous_71)
FN:493,(anonymous_72)
FN:501,(anonymous_73)
FN:505,(anonymous_74)
FN:512,(anonymous_75)
FN:519,(anonymous_76)
FN:523,(anonymous_77)
FN:530,(anonymous_78)
FN:534,(anonymous_79)
FN:543,(anonymous_80)
FN:556,(anonymous_81)
FN:566,(anonymous_82)
FN:571,(anonymous_83)
FN:573,(anonymous_84)
FN:577,(anonymous_85)
FN:579,(anonymous_86)
FN:592,(anonymous_87)
FN:594,(anonymous_88)
FN:603,(anonymous_89)
FN:607,(anonymous_90)
FN:615,(anonymous_91)
FN:625,(anonymous_92)
FN:630,(anonymous_93)
FN:649,(anonymous_94)
FN:654,(anonymous_95)
FN:658,(anonymous_96)
FN:662,(anonymous_97)
FN:664,(anonymous_98)
FN:671,(anonymous_99)
FN:684,endsWith
FN:692,(anonymous_101)
FN:701,(anonymous_102)
FN:732,(anonymous_103)
FN:739,(anonymous_104)
FN:745,(anonymous_105)
FN:759,(anonymous_106)
FN:763,(anonymous_107)
FN:773,(anonymous_108)
FN:784,(anonymous_109)
FN:787,(anonymous_110)
FN:789,(anonymous_111)
FN:792,(anonymous_112)
FN:796,(anonymous_113)
FN:802,(anonymous_114)
FN:814,(anonymous_115)
FN:818,(anonymous_116)
FN:836,(anonymous_117)
FN:838,(anonymous_118)
FN:844,(anonymous_119)
FN:851,(anonymous_120)
FN:853,(anonymous_121)
FN:864,(anonymous_122)
FNF:122
FNH:3
FNDA:5,(anonymous_1)
FNDA:1,(anonymous_2)
FNDA:5,(anonymous_3)
FNDA:0,(anonymous_4)
FNDA:0,(anonymous_5)
FNDA:0,(anonymous_6)
FNDA:0,(anonymous_7)
FNDA:0,(anonymous_8)
FNDA:0,(anonymous_9)
FNDA:0,(anonymous_10)
FNDA:0,(anonymous_11)
FNDA:0,(anonymous_12)
FNDA:0,(anonymous_13)
FNDA:0,(anonymous_14)
FNDA:0,(anonymous_15)
FNDA:0,(anonymous_16)
FNDA:0,(anonymous_17)
FNDA:0,(anonymous_18)
FNDA:0,(anonymous_19)
FNDA:0,(anonymous_20)
FNDA:0,(anonymous_21)
FNDA:0,(anonymous_22)
FNDA:0,(anonymous_23)
FNDA:0,(anonymous_24)
FNDA:0,(anonymous_25)
FNDA:0,(anonymous_26)
FNDA:0,(anonymous_27)
FNDA:0,(anonymous_28)
FNDA:0,(anonymous_29)
FNDA:0,(anonymous_30)
FNDA:0,(anonymous_31)
FNDA:0,(anonymous_32)
FNDA:0,(anonymous_33)
FNDA:0,(anonymous_34)
FNDA:0,(anonymous_35)
FNDA:0,(anonymous_36)
FNDA:0,(anonymous_37)
FNDA:0,(anonymous_38)
FNDA:0,(anonymous_39)
FNDA:0,(anonymous_40)
FNDA:0,(anonymous_41)
FNDA:0,(anonymous_42)
FNDA:0,(anonymous_43)
FNDA:0,(anonymous_44)
FNDA:0,(anonymous_45)
FNDA:0,(anonymous_46)
FNDA:0,(anonymous_47)
FNDA:0,(anonymous_48)
FNDA:0,(anonymous_49)
FNDA:0,(anonymous_50)
FNDA:0,(anonymous_51)
FNDA:0,(anonymous_52)
FNDA:0,(anonymous_53)
FNDA:0,(anonymous_54)
FNDA:0,(anonymous_55)
FNDA:0,(anonymous_56)
FNDA:0,(anonymous_57)
FNDA:0,(anonymous_58)
FNDA:0,(anonymous_59)
FNDA:0,(anonymous_60)
FNDA:0,(anonymous_61)
FNDA:0,(anonymous_62)
FNDA:0,(anonymous_63)
FNDA:0,(anonymous_64)
FNDA:0,(anonymous_65)
FNDA:0,(anonymous_66)
FNDA:0,(anonymous_67)
FNDA:0,(anonymous_68)
FNDA:0,(anonymous_69)
FNDA:0,(anonymous_70)
FNDA:0,(anonymous_71)
FNDA:0,(anonymous_72)
FNDA:0,(anonymous_73)
FNDA:0,(anonymous_74)
FNDA:0,(anonymous_75)
FNDA:0,(anonymous_76)
FNDA:0,(anonymous_77)
FNDA:0,(anonymous_78)
FNDA:0,(anonymous_79)
FNDA:0,(anonymous_80)
FNDA:0,(anonymous_81)
FNDA:0,(anonymous_82)
FNDA:0,(anonymous_83)
FNDA:0,(anonymous_84)
FNDA:0,(anonymous_85)
FNDA:0,(anonymous_86)
FNDA:0,(anonymous_87)
FNDA:0,(anonymous_88)
FNDA:0,(anonymous_89)
FNDA:0,(anonymous_90)
FNDA:0,(anonymous_91)
FNDA:0,(anonymous_92)
FNDA:0,(anonymous_93)
FNDA:0,(anonymous_94)
FNDA:0,(anonymous_95)
FNDA:0,(anonymous_96)
FNDA:0,(anonymous_97)
FNDA:0,(anonymous_98)
FNDA:0,(anonymous_99)
FNDA:0,endsWith
FNDA:0,(anonymous_101)
FNDA:0,(anonymous_102)
FNDA:0,(anonymous_103)
FNDA:0,(anonymous_104)
FNDA:0,(anonymous_105)
FNDA:0,(anonymous_106)
FNDA:0,(anonymous_107)
FNDA:0,(anonymous_108)
FNDA:0,(anonymous_109)
FNDA:0,(anonymous_110)
FNDA:0,(anonymous_111)
FNDA:0,(anonymous_112)
FNDA:0,(anonymous_113)
FNDA:0,(anonymous_114)
FNDA:0,(anonymous_115)
FNDA:0,(anonymous_116)
FNDA:0,(anonymous_117)
FNDA:0,(anonymous_118)
FNDA:0,(anonymous_119)
FNDA:0,(anonymous_120)
FNDA:0,(anonymous_121)
FNDA:0,(anonymous_122)
DA:1,1
DA:13,1
DA:14,5
DA:16,5
DA:17,0
DA:19,5
DA:21,5
DA:22,5
DA:23,0
DA:24,0
DA:27,5
DA:28,5
DA:30,5
DA:31,5
DA:36,5
DA:37,5
DA:39,0
DA:41,5
DA:43,5
DA:44,1
DA:47,5
DA:48,5
DA:52,0
DA:60,5
DA:62,5
DA:63,5
DA:64,5
DA:65,0
DA:67,0
DA:68,0
DA:69,0
DA:70,0
DA:72,0
DA:77,5
DA:78,0
DA:86,0
DA:87,0
DA:88,0
DA:89,0
DA:91,0
DA:92,0
DA:93,0
DA:95,0
DA:99,1
DA:100,0
DA:101,0
DA:102,0
DA:104,0
DA:105,0
DA:108,0
DA:109,0
DA:110,0
DA:111,0
DA:112,0
DA:113,0
DA:114,0
DA:116,0
DA:117,0
DA:120,0
DA:128,1
DA:129,0
DA:130,0
DA:132,0
DA:133,0
DA:136,0
DA:145,1
DA:146,0
DA:147,0
DA:152,0
DA:157,0
DA:160,0
DA:161,0
DA:162,0
DA:165,1
DA:166,0
DA:167,0
DA:168,0
DA:171,0
DA:172,0
DA:173,0
DA:174,0
DA:175,0
DA:176,0
DA:177,0
DA:178,0
DA:179,0
DA:181,0
DA:182,0
DA:190,1
DA:198,0
DA:199,0
DA:200,0
DA:202,0
DA:206,0
DA:207,0
DA:209,0
DA:211,0
DA:213,0
DA:214,0
DA:215,0
DA:216,0
DA:217,0
DA:218,0
DA:220,0
DA:221,0
DA:223,0
DA:224,0
DA:225,0
DA:227,0
DA:230,0
DA:236,0
DA:237,0
DA:238,0
DA:240,0
DA:241,0
DA:244,0
DA:250,0
DA:251,0
DA:255,0
DA:256,0
DA:257,0
DA:258,0
DA:259,0
DA:262,0
DA:263,0
DA:264,0
DA:268,1
DA:269,0
DA:270,0
DA:272,0
DA:274,0
DA:275,0
DA:276,0
DA:277,0
DA:278,0
DA:279,0
DA:282,0
DA:283,0
DA:284,0
DA:285,0
DA:286,0
DA:287,0
DA:291,0
DA:292,0
DA:293,0
DA:294,0
DA:296,0
DA:297,0
DA:298,0
DA:299,0
DA:300,0
DA:302,0
DA:306,0
DA:313,1
DA:315,0
DA:317,0
DA:318,0
DA:323,0
DA:326,0
DA:327,0
DA:328,0
DA:331,0
DA:332,0
DA:336,1
DA:337,0
DA:338,0
DA:340,0
DA:341,0
DA:342,0
DA:343,0
DA:344,0
DA:345,0
DA:346,0
DA:347,0
DA:348,0
DA:360,0
DA:361,0
DA:362,0
DA:364,0
DA:365,0
DA:366,0
DA:369,0
DA:371,0
DA:372,0
DA:374,0
DA:376,0
DA:377,0
DA:380,0
DA:381,0
DA:382,0
DA:387,0
DA:392,0
DA:393,0
DA:396,0
DA:397,0
DA:400,0
DA:401,0
DA:402,0
DA:403,0
DA:404,0
DA:405,0
DA:406,0
DA:407,0
DA:410,0
DA:411,0
DA:412,0
DA:413,0
DA:414,0
DA:415,0
DA:416,0
DA:417,0
DA:420,0
DA:422,0
DA:423,0
DA:426,0
DA:427,0
DA:430,0
DA:431,0
DA:434,0
DA:435,0
DA:438,0
DA:439,0
DA:442,0
DA:443,0
DA:446,0
DA:447,0
DA:452,0
DA:460,0
DA:461,0
DA:464,0
DA:465,0
DA:467,0
DA:468,0
DA:469,0
DA:470,0
DA:471,0
DA:472,0
DA:475,0
DA:476,0
DA:477,0
DA:478,0
DA:479,0
DA:481,0
DA:486,0
DA:487,0
DA:488,0
DA:489,0
DA:490,0
DA:491,0
DA:492,0
DA:494,0
DA:497,0
DA:499,0
DA:503,0
DA:504,0
DA:505,0
DA:506,0
DA:507,0
DA:508,0
DA:509,0
DA:510,0
DA:511,0
DA:512,0
DA:513,0
DA:516,0
DA:517,0
DA:520,0
DA:521,0
DA:524,0
DA:525,0
DA:526,0
DA:530,0
DA:534,0
DA:535,0
DA:536,0
DA:543,1
DA:545,0
DA:546,0
DA:547,0
DA:549,0
DA:556,1
DA:558,0
DA:559,0
DA:560,0
DA:561,0
DA:562,0
DA:563,0
DA:565,0
DA:566,0
DA:567,0
DA:568,0
DA:570,0
DA:572,0
DA:574,0
DA:577,0
DA:578,0
DA:579,0
DA:580,0
DA:581,0
DA:583,0
DA:584,0
DA:585,0
DA:587,0
DA:588,0
DA:589,0
DA:590,0
DA:591,0
DA:593,0
DA:595,0
DA:596,0
DA:597,0
DA:598,0
DA:599,0
DA:603,0
DA:604,0
DA:605,0
DA:607,0
DA:608,0
DA:615,1
DA:617,0
DA:618,0
DA:619,0
DA:620,0
DA:621,0
DA:622,0
DA:624,0
DA:625,0
DA:626,0
DA:628,0
DA:630,0
DA:631,0
DA:632,0
DA:633,0
DA:634,0
DA:635,0
DA:636,0
DA:637,0
DA:638,0
DA:639,0
DA:640,0
DA:643,0
DA:644,0
DA:646,0
DA:649,0
DA:651,0
DA:654,0
DA:655,0
DA:658,0
DA:659,0
DA:660,0
DA:661,0
DA:662,0
DA:665,0
DA:668,0
DA:671,0
DA:672,0
DA:673,0
DA:674,0
DA:675,0
DA:676,0
DA:679,0
DA:680,0
DA:681,0
DA:684,1
DA:685,0
DA:692,1
DA:693,0
DA:695,0
DA:696,0
DA:698,0
DA:701,0
DA:702,0
DA:705,0
DA:706,0
DA:707,0
DA:709,0
DA:710,0
DA:713,0
DA:714,0
DA:715,0
DA:717,0
DA:718,0
DA:719,0
DA:721,0
DA:725,0
DA:726,0
DA:727,0
DA:731,0
DA:732,0
DA:734,0
DA:737,0
DA:738,0
DA:739,0
DA:740,0
DA:741,0
DA:742,0
DA:743,0
DA:745,0
DA:746,0
DA:747,0
DA:748,0
DA:750,0
DA:752,0
DA:755,0
DA:756,0
DA:758,0
DA:760,0
DA:762,0
DA:763,0
DA:764,0
DA:765,0
DA:767,0
DA:773,0
DA:774,0
DA:776,0
DA:777,0
DA:779,0
DA:783,0
DA:784,0
DA:785,0
DA:786,0
DA:787,0
DA:788,0
DA:789,0
DA:790,0
DA:791,0
DA:792,0
DA:793,0
DA:797,0
DA:802,0
DA:803,0
DA:806,0
DA:808,0
DA:809,0
DA:811,0
DA:814,0
DA:815,0
DA:818,0
DA:819,0
DA:820,0
DA:822,0
DA:825,0
DA:830,0
DA:836,1
DA:837,0
DA:838,0
DA:839,0
DA:841,0
DA:842,0
DA:845,0
DA:851,0
DA:852,0
DA:853,0
DA:854,0
DA:856,0
DA:857,0
DA:858,0
DA:859,0
DA:861,0
DA:865,0
DA:870,0
DA:875,0
LF:462
LH:37
BRDA:16,1,0,0
BRDA:16,1,1,5
BRDA:22,2,0,0
BRDA:22,2,1,5
BRDA:37,3,0,0
BRDA:37,3,1,5
BRDA:199,4,0,0
BRDA:199,4,1,0
BRDA:209,5,0,0
BRDA:209,5,1,0
BRDA:209,6,0,0
BRDA:209,6,1,0
BRDA:215,7,0,0
BRDA:215,7,1,0
BRDA:237,8,0,0
BRDA:237,8,1,0
BRDA:258,9,0,0
BRDA:258,9,1,0
BRDA:258,10,0,0
BRDA:258,10,1,0
BRDA:298,11,0,0
BRDA:298,11,1,0
BRDA:298,12,0,0
BRDA:298,12,1,0
BRDA:298,12,2,0
BRDA:299,13,0,0
BRDA:299,13,1,0
BRDA:364,14,0,0
BRDA:364,14,1,0
BRDA:365,15,0,0
BRDA:365,15,1,0
BRDA:475,16,0,0
BRDA:475,16,1,0
BRDA:476,17,0,0
BRDA:476,17,1,0
BRDA:478,18,0,0
BRDA:478,18,1,0
BRDA:546,19,0,0
BRDA:546,19,1,0
BRDA:637,20,0,0
BRDA:637,20,1,0
BRDA:713,21,0,0
BRDA:713,21,1,0
BRDA:713,22,0,0
BRDA:713,22,1,0
BRDA:718,23,0,0
BRDA:718,23,1,0
BRDA:747,24,0,0
BRDA:747,24,1,0
BRDA:764,25,0,0
BRDA:764,25,1,0
BRDA:776,26,0,0
BRDA:776,26,1,0
BRDA:808,27,0,0
BRDA:808,27,1,0
BRF:55
BRH:3
end_of_record
TN:
SF:./app/js/services.js
FN:14,(anonymous_1)
FN:18,(anonymous_2)
FN:54,(anonymous_3)
FN:70,(anonymous_4)
FN:75,(anonymous_5)
FN:85,(anonymous_6)
FN:91,(anonymous_7)
FN:93,(anonymous_8)
FN:102,(anonymous_9)
FN:105,(anonymous_10)
FN:112,(anonymous_11)
FN:117,(anonymous_12)
FN:120,(anonymous_13)
FN:128,(anonymous_14)
FN:132,(anonymous_15)
FN:139,(anonymous_16)
FN:151,(anonymous_17)
FN:164,(anonymous_18)
FN:169,(anonymous_19)
FN:176,tick
FN:177,(anonymous_21)
FN:180,(anonymous_22)
FN:189,(anonymous_23)
FN:195,(anonymous_24)
FN:215,(anonymous_25)
FN:216,(anonymous_26)
FN:241,(anonymous_27)
FN:252,(anonymous_28)
FN:254,(anonymous_29)
FN:270,(anonymous_30)
FN:274,(anonymous_31)
FN:279,(anonymous_32)
FN:283,(anonymous_33)
FN:288,(anonymous_34)
FN:296,(anonymous_35)
FN:301,(anonymous_36)
FN:305,(anonymous_37)
FN:324,(anonymous_38)
FN:331,(anonymous_39)
FN:339,(anonymous_40)
FN:344,(anonymous_41)
FN:356,(anonymous_42)
FN:363,(anonymous_43)
FN:378,(anonymous_44)
FN:383,(anonymous_45)
FN:389,(anonymous_46)
FN:395,(anonymous_47)
FN:400,(anonymous_48)
FN:406,(anonymous_49)
FN:416,(anonymous_50)
FN:418,(anonymous_51)
FN:423,(anonymous_52)
FN:428,(anonymous_53)
FN:432,(anonymous_54)
FN:436,(anonymous_55)
FN:441,(anonymous_56)
FN:455,(anonymous_57)
FN:457,(anonymous_58)
FN:461,(anonymous_59)
FN:473,(anonymous_60)
FN:474,(anonymous_61)
FN:484,(anonymous_62)
FN:486,(anonymous_63)
FN:489,(anonymous_64)
FN:490,(anonymous_65)
FN:507,(anonymous_66)
FN:508,(anonymous_67)
FN:561,(anonymous_68)
FN:592,(anonymous_69)
FN:593,(anonymous_70)
FN:597,(anonymous_71)
FN:601,(anonymous_72)
FN:615,(anonymous_73)
FN:617,(anonymous_74)
FN:620,(anonymous_75)
FN:624,(anonymous_76)
FN:628,(anonymous_77)
FN:630,(anonymous_78)
FN:644,(anonymous_79)
FN:645,(anonymous_80)
FNF:80
FNH:2
FNDA:0,(anonymous_1)
FNDA:0,(anonymous_2)
FNDA:0,(anonymous_3)
FNDA:0,(anonymous_4)
FNDA:0,(anonymous_5)
FNDA:0,(anonymous_6)
FNDA:0,(anonymous_7)
FNDA:0,(anonymous_8)
FNDA:0,(anonymous_9)
FNDA:0,(anonymous_10)
FNDA:0,(anonymous_11)
FNDA:0,(anonymous_12)
FNDA:0,(anonymous_13)
FNDA:0,(anonymous_14)
FNDA:0,(anonymous_15)
FNDA:0,(anonymous_16)
FNDA:0,(anonymous_17)
FNDA:0,(anonymous_18)
FNDA:0,(anonymous_19)
FNDA:0,tick
FNDA:0,(anonymous_21)
FNDA:0,(anonymous_22)
FNDA:0,(anonymous_23)
FNDA:0,(anonymous_24)
FNDA:0,(anonymous_25)
FNDA:0,(anonymous_26)
FNDA:0,(anonymous_27)
FNDA:0,(anonymous_28)
FNDA:0,(anonymous_29)
FNDA:0,(anonymous_30)
FNDA:0,(anonymous_31)
FNDA:0,(anonymous_32)
FNDA:0,(anonymous_33)
FNDA:0,(anonymous_34)
FNDA:0,(anonymous_35)
FNDA:0,(anonymous_36)
FNDA:0,(anonymous_37)
FNDA:0,(anonymous_38)
FNDA:0,(anonymous_39)
FNDA:0,(anonymous_40)
FNDA:0,(anonymous_41)
FNDA:0,(anonymous_42)
FNDA:0,(anonymous_43)
FNDA:0,(anonymous_44)
FNDA:0,(anonymous_45)
FNDA:0,(anonymous_46)
FNDA:0,(anonymous_47)
FNDA:0,(anonymous_48)
FNDA:0,(anonymous_49)
FNDA:5,(anonymous_50)
FNDA:0,(anonymous_51)
FNDA:0,(anonymous_52)
FNDA:0,(anonymous_53)
FNDA:0,(anonymous_54)
FNDA:0,(anonymous_55)
FNDA:5,(anonymous_56)
FNDA:0,(anonymous_57)
FNDA:0,(anonymous_58)
FNDA:0,(anonymous_59)
FNDA:0,(anonymous_60)
FNDA:0,(anonymous_61)
FNDA:0,(anonymous_62)
FNDA:0,(anonymous_63)
FNDA:0,(anonymous_64)
FNDA:0,(anonymous_65)
FNDA:0,(anonymous_66)
FNDA:0,(anonymous_67)
FNDA:0,(anonymous_68)
FNDA:0,(anonymous_69)
FNDA:0,(anonymous_70)
FNDA:0,(anonymous_71)
FNDA:0,(anonymous_72)
FNDA:0,(anonymous_73)
FNDA:0,(anonymous_74)
FNDA:0,(anonymous_75)
FNDA:0,(anonymous_76)
FNDA:0,(anonymous_77)
FNDA:0,(anonymous_78)
FNDA:0,(anonymous_79)
FNDA:0,(anonymous_80)
DA:1,1
DA:12,1
DA:14,1
DA:15,0
DA:17,0
DA:21,0
DA:22,0
DA:23,0
DA:26,0
DA:27,0
DA:28,0
DA:29,0
DA:32,0
DA:33,0
DA:34,0
DA:39,0
DA:40,0
DA:41,0
DA:46,0
DA:47,0
DA:50,0
DA:52,0
DA:55,0
DA:57,0
DA:65,0
DA:71,0
DA:72,0
DA:74,0
DA:76,0
DA:77,0
DA:78,0
DA:79,0
DA:81,0
DA:82,0
DA:86,0
DA:89,0
DA:92,0
DA:93,0
DA:94,0
DA:95,0
DA:97,0
DA:98,0
DA:101,0
DA:102,0
DA:106,0
DA:107,0
DA:112,1
DA:116,0
DA:118,0
DA:121,0
DA:122,0
DA:123,0
DA:124,0
DA:125,0
DA:126,0
DA:127,0
DA:128,0
DA:129,0
DA:130,0
DA:131,0
DA:133,0
DA:134,0
DA:135,0
DA:137,0
DA:141,0
DA:142,0
DA:144,0
DA:145,0
DA:146,0
DA:148,0
DA:152,0
DA:153,0
DA:154,0
DA:157,0
DA:158,0
DA:161,0
DA:163,0
DA:164,0
DA:165,0
DA:170,0
DA:171,0
DA:172,0
DA:176,0
DA:177,0
DA:178,0
DA:179,0
DA:180,0
DA:181,0
DA:182,0
DA:184,0
DA:185,0
DA:187,0
DA:190,0
DA:196,0
DA:197,0
DA:198,0
DA:199,0
DA:201,0
DA:202,0
DA:203,0
DA:205,0
DA:206,0
DA:209,0
DA:210,0
DA:212,0
DA:213,0
DA:215,0
DA:216,0
DA:217,0
DA:219,0
DA:220,0
DA:221,0
DA:223,0
DA:227,0
DA:228,0
DA:229,0
DA:230,0
DA:232,0
DA:237,0
DA:239,0
DA:242,0
DA:244,0
DA:245,0
DA:246,0
DA:248,0
DA:249,0
DA:251,0
DA:252,0
DA:253,0
DA:254,0
DA:255,0
DA:256,0
DA:257,0
DA:258,0
DA:260,0
DA:266,0
DA:268,0
DA:271,0
DA:272,0
DA:273,0
DA:274,0
DA:275,0
DA:280,0
DA:281,0
DA:282,0
DA:283,0
DA:284,0
DA:289,0
DA:290,0
DA:291,0
DA:292,0
DA:293,0
DA:294,0
DA:295,0
DA:296,0
DA:297,0
DA:298,0
DA:302,0
DA:303,0
DA:304,0
DA:305,0
DA:306,0
DA:307,0
DA:308,0
DA:309,0
DA:310,0
DA:311,0
DA:312,0
DA:313,0
DA:314,0
DA:316,0
DA:320,0
DA:321,0
DA:322,0
DA:323,0
DA:324,0
DA:325,0
DA:326,0
DA:329,0
DA:332,0
DA:333,0
DA:336,0
DA:337,0
DA:338,0
DA:339,0
DA:340,0
DA:342,0
DA:345,0
DA:346,0
DA:349,0
DA:350,0
DA:351,0
DA:352,0
DA:355,0
DA:356,0
DA:357,0
DA:358,0
DA:359,0
DA:361,0
DA:364,0
DA:365,0
DA:366,0
DA:367,0
DA:369,0
DA:370,0
DA:371,0
DA:373,0
DA:376,0
DA:378,0
DA:379,0
DA:380,0
DA:381,0
DA:384,0
DA:385,0
DA:387,0
DA:390,0
DA:391,0
DA:392,0
DA:394,0
DA:395,0
DA:396,0
DA:397,0
DA:398,0
DA:401,0
DA:402,0
DA:404,0
DA:407,0
DA:408,0
DA:409,0
DA:410,0
DA:416,1
DA:417,5
DA:418,5
DA:419,0
DA:420,0
DA:423,5
DA:424,0
DA:425,0
DA:426,0
DA:428,5
DA:429,0
DA:430,0
DA:433,0
DA:434,0
DA:437,0
DA:438,0
DA:439,0
DA:441,5
DA:442,5
DA:443,5
DA:444,5
DA:445,5
DA:447,0
DA:455,1
DA:456,0
DA:457,0
DA:458,0
DA:461,0
DA:464,0
DA:465,0
DA:466,0
DA:468,0
DA:473,1
DA:474,0
DA:475,0
DA:476,0
DA:478,0
DA:479,0
DA:480,0
DA:481,0
DA:482,0
DA:484,0
DA:485,0
DA:486,0
DA:487,0
DA:488,0
DA:490,0
DA:491,0
DA:493,0
DA:496,0
DA:498,0
DA:500,0
DA:507,1
DA:508,0
DA:509,0
DA:512,0
DA:513,0
DA:516,0
DA:517,0
DA:519,0
DA:520,0
DA:521,0
DA:522,0
DA:525,0
DA:528,0
DA:529,0
DA:530,0
DA:531,0
DA:533,0
DA:534,0
DA:536,0
DA:538,0
DA:540,0
DA:542,0
DA:543,0
DA:544,0
DA:545,0
DA:546,0
DA:547,0
DA:549,0
DA:550,0
DA:551,0
DA:552,0
DA:554,0
DA:559,0
DA:561,0
DA:562,0
DA:563,0
DA:564,0
DA:565,0
DA:566,0
DA:567,0
DA:568,0
DA:569,0
DA:570,0
DA:573,0
DA:577,0
DA:579,0
DA:581,0
DA:582,0
DA:586,0
DA:592,1
DA:593,0
DA:594,0
DA:597,0
DA:598,0
DA:602,0
DA:605,0
DA:606,0
DA:609,0
DA:615,1
DA:617,0
DA:618,0
DA:620,0
DA:621,0
DA:622,0
DA:624,0
DA:625,0
DA:626,0
DA:628,0
DA:629,0
DA:630,0
DA:631,0
DA:633,0
DA:635,0
DA:637,0
DA:639,0
DA:641,0
DA:644,1
DA:645,0
DA:646,0
DA:647,0
DA:648,0
DA:649,0
DA:651,0
DA:653,0
DA:654,0
DA:655,0
LF:368
LH:20
BRDA:21,1,0,0
BRDA:21,1,1,0
BRDA:26,2,0,0
BRDA:26,2,1,0
BRDA:26,3,0,0
BRDA:26,3,1,0
BRDA:26,3,2,0
BRDA:32,4,0,0
BRDA:32,4,1,0
BRDA:32,5,0,0
BRDA:32,5,1,0
BRDA:39,6,0,0
BRDA:39,6,1,0
BRDA:39,7,0,0
BRDA:39,7,1,0
BRDA:76,8,0,0
BRDA:76,8,1,0
BRDA:142,9,0,0
BRDA:142,9,1,0
BRDA:153,10,0,0
BRDA:153,10,1,0
BRDA:153,11,0,0
BRDA:153,11,1,0
BRDA:181,12,0,0
BRDA:181,12,1,0
BRDA:220,13,0,0
BRDA:220,13,1,0
BRDA:227,14,0,0
BRDA:227,14,1,0
BRDA:257,15,0,0
BRDA:257,15,1,0
BRDA:312,16,0,0
BRDA:312,16,1,0
BRDA:364,17,0,0
BRDA:364,17,1,0
BRDA:370,18,0,0
BRDA:370,18,1,0
BRDA:380,19,0,0
BRDA:380,19,1,0
BRDA:397,20,0,0
BRDA:397,20,1,0
BRDA:443,21,0,5
BRDA:443,21,1,0
BRDA:516,22,0,0
BRDA:516,22,1,0
BRDA:521,23,0,0
BRDA:521,23,1,0
BRDA:529,24,0,0
BRDA:529,24,1,0
BRDA:531,25,0,0
BRDA:531,25,1,0
BRDA:531,26,0,0
BRDA:531,26,1,0
BRDA:534,27,0,0
BRDA:534,27,1,0
BRDA:534,28,0,0
BRDA:534,28,1,0
BRDA:544,29,0,0
BRDA:544,29,1,0
BRDA:550,30,0,0
BRDA:550,30,1,0
BRDA:550,31,0,0
BRDA:550,31,1,0
BRDA:564,32,0,0
BRDA:564,32,1,0
BRDA:566,33,0,0
BRDA:566,33,1,0
BRDA:566,34,0,0
BRDA:566,34,1,0
BRDA:568,35,0,0
BRDA:568,35,1,0
BRDA:647,36,0,0
BRDA:647,36,1,0
BRDA:647,37,0,0
BRDA:647,37,1,0
BRDA:651,38,0,0
BRDA:651,38,1,0
BRDA:651,39,0,0
BRDA:651,39,1,0
BRDA:654,40,0,0
BRDA:654,40,1,0
BRF:81
BRH:1
end_of_record
TN:
SF:./app/js/filters.js
FN:3,(anonymous_1)
FN:4,(anonymous_2)
FN:13,(anonymous_3)
FN:14,(anonymous_4)
FN:16,(anonymous_5)
FN:19,(anonymous_6)
FNF:6
FNH:0
FNDA:0,(anonymous_1)
FNDA:0,(anonymous_2)
FNDA:0,(anonymous_3)
FNDA:0,(anonymous_4)
FNDA:0,(anonymous_5)
FNDA:0,(anonymous_6)
DA:1,1
DA:3,1
DA:4,0
DA:5,0
DA:13,1
DA:14,0
DA:15,0
DA:16,0
DA:17,0
DA:19,0
DA:20,0
DA:22,0
DA:23,0
LF:13
LH:3
BRDA:22,1,0,0
BRDA:22,1,1,0
BRF:2
BRH:0
end_of_record
TN:
SF:./app/js/directives.js
FN:3,(anonymous_1)
FN:11,(anonymous_2)
FN:17,(anonymous_3)
FN:18,(anonymous_4)
FN:24,(anonymous_5)
FN:30,(anonymous_6)
FN:31,(anonymous_7)
FN:47,(anonymous_8)
FNF:8
FNH:0
FNDA:0,(anonymous_1)
FNDA:0,(anonymous_2)
FNDA:0,(anonymous_3)
FNDA:0,(anonymous_4)
FNDA:0,(anonymous_5)
FNDA:0,(anonymous_6)
FNDA:0,(anonymous_7)
FNDA:0,(anonymous_8)
DA:1,1
DA:3,1
DA:4,0
DA:17,1
DA:18,0
DA:19,0
DA:24,1
DA:25,0
DA:31,0
DA:32,0
DA:33,0
DA:35,0
DA:36,0
DA:37,0
DA:38,0
DA:39,0
DA:40,0
DA:44,0
DA:45,0
DA:47,0
DA:48,0
DA:50,0
LF:22
LH:4
BRDA:35,1,0,0
BRDA:35,1,1,0
BRDA:35,2,0,0
BRDA:35,2,1,0
BRDA:36,3,0,0
BRDA:36,3,1,0
BRDA:38,4,0,0
BRDA:38,4,1,0
BRDA:38,5,0,0
BRDA:38,5,1,0
BRDA:39,6,0,0
BRDA:39,6,1,0
BRF:12
BRH:0
end_of_record
